2023-11-15 09:02:56.207  INFO 16872 --- [restartedMain] c.c.consumowsdl.ConsumowsdlApplication   : Starting ConsumowsdlApplication using Java 17.0.8 on LChumi with PID 16872 (C:\Users\Luis\Documents\Workspace\consumowsdl\target\classes started by Luis in C:\Users\Luis\Documents\Workspace\consumowsdl)
2023-11-15 09:02:56.216 DEBUG 16872 --- [restartedMain] c.c.consumowsdl.ConsumowsdlApplication   : Running with Spring Boot v2.7.10, Spring v5.3.26
2023-11-15 09:02:56.217  INFO 16872 --- [restartedMain] c.c.consumowsdl.ConsumowsdlApplication   : No active profile set, falling back to 1 default profile: "default"
2023-11-15 09:02:56.389  INFO 16872 --- [restartedMain] o.s.b.devtools.restart.ChangeableUrls    : The Class-Path manifest attribute in C:\Users\Luis\.m2\repository\com\oracle\database\jdbc\ojdbc8\21.5.0.0\ojdbc8-21.5.0.0.jar referenced one or more files that do not exist: file:/C:/Users/Luis/.m2/repository/com/oracle/database/jdbc/ojdbc8/21.5.0.0/oraclepki.jar
2023-11-15 09:02:56.391  INFO 16872 --- [restartedMain] .e.DevToolsPropertyDefaultsPostProcessor : Devtools property defaults active! Set 'spring.devtools.add-properties' to 'false' to disable
2023-11-15 09:02:56.391  INFO 16872 --- [restartedMain] .e.DevToolsPropertyDefaultsPostProcessor : For additional web related logging consider setting the 'logging.level.web' property to 'DEBUG'
2023-11-15 09:02:57.824  INFO 16872 --- [restartedMain] .s.d.r.c.RepositoryConfigurationDelegate : Bootstrapping Spring Data JPA repositories in DEFAULT mode.
2023-11-15 09:02:57.954  INFO 16872 --- [restartedMain] .s.d.r.c.RepositoryConfigurationDelegate : Finished Spring Data repository scanning in 118 ms. Found 3 JPA repository interfaces.
2023-11-15 09:02:58.413  INFO 16872 --- [restartedMain] trationDelegate$BeanPostProcessorChecker : Bean 'org.springframework.ws.config.annotation.DelegatingWsConfiguration' of type [org.springframework.ws.config.annotation.DelegatingWsConfiguration$$EnhancerBySpringCGLIB$$c16b2dc8] is not eligible for getting processed by all BeanPostProcessors (for example: not eligible for auto-proxying)
2023-11-15 09:02:58.521  INFO 16872 --- [restartedMain] .w.s.a.s.AnnotationActionEndpointMapping : Supporting [WS-Addressing August 2004, WS-Addressing 1.0]
2023-11-15 09:02:59.074  INFO 16872 --- [restartedMain] o.s.b.w.embedded.tomcat.TomcatWebServer  : Tomcat initialized with port(s): 7571 (http)
2023-11-15 09:02:59.092  INFO 16872 --- [restartedMain] o.apache.catalina.core.StandardService   : Starting service [Tomcat]
2023-11-15 09:02:59.092  INFO 16872 --- [restartedMain] org.apache.catalina.core.StandardEngine  : Starting Servlet engine: [Apache Tomcat/9.0.73]
2023-11-15 09:02:59.219  INFO 16872 --- [restartedMain] o.a.c.c.C.[Tomcat].[localhost].[/]       : Initializing Spring embedded WebApplicationContext
2023-11-15 09:02:59.219  INFO 16872 --- [restartedMain] w.s.c.ServletWebServerApplicationContext : Root WebApplicationContext: initialization completed in 2827 ms
2023-11-15 09:02:59.573  INFO 16872 --- [restartedMain] o.hibernate.jpa.internal.util.LogHelper  : HHH000204: Processing PersistenceUnitInfo [name: default]
2023-11-15 09:02:59.679  INFO 16872 --- [restartedMain] org.hibernate.Version                    : HHH000412: Hibernate ORM core version 5.6.15.Final
2023-11-15 09:02:59.992  INFO 16872 --- [restartedMain] o.hibernate.annotations.common.Version   : HCANN000001: Hibernate Commons Annotations {5.1.2.Final}
2023-11-15 09:03:00.200  INFO 16872 --- [restartedMain] com.zaxxer.hikari.HikariDataSource       : HikariPool-1 - Starting...
2023-11-15 09:03:00.695  INFO 16872 --- [restartedMain] com.zaxxer.hikari.HikariDataSource       : HikariPool-1 - Start completed.
2023-11-15 09:03:00.729  INFO 16872 --- [restartedMain] org.hibernate.dialect.Dialect            : HHH000400: Using dialect: org.hibernate.dialect.Oracle12cDialect
2023-11-15 09:03:02.085  INFO 16872 --- [restartedMain] o.h.e.t.j.p.i.JtaPlatformInitiator       : HHH000490: Using JtaPlatform implementation: [org.hibernate.engine.transaction.jta.platform.internal.NoJtaPlatform]
2023-11-15 09:03:02.103  INFO 16872 --- [restartedMain] j.LocalContainerEntityManagerFactoryBean : Initialized JPA EntityManagerFactory for persistence unit 'default'
2023-11-15 09:03:03.244  INFO 16872 --- [restartedMain] o.s.ws.soap.saaj.SaajSoapMessageFactory  : Creating SAAJ 1.3 MessageFactory with SOAP 1.1 Protocol
2023-11-15 09:03:03.569  WARN 16872 --- [restartedMain] JpaBaseConfiguration$JpaWebConfiguration : spring.jpa.open-in-view is enabled by default. Therefore, database queries may be performed during view rendering. Explicitly configure spring.jpa.open-in-view to disable this warning
2023-11-15 09:03:04.411  INFO 16872 --- [restartedMain] o.s.b.d.a.OptionalLiveReloadServer       : LiveReload server is running on port 35729
2023-11-15 09:03:04.482  INFO 16872 --- [restartedMain] o.s.b.w.embedded.tomcat.TomcatWebServer  : Tomcat started on port(s): 7571 (http) with context path ''
2023-11-15 09:03:04.513  INFO 16872 --- [restartedMain] c.c.consumowsdl.ConsumowsdlApplication   : Started ConsumowsdlApplication in 9.042 seconds (JVM running for 10.628)
2023-11-15 09:05:08.024  INFO 16872 --- [http-nio-7571-exec-3] o.a.c.c.C.[Tomcat].[localhost].[/]       : Initializing Spring DispatcherServlet 'dispatcherServlet'
2023-11-15 09:05:08.025  INFO 16872 --- [http-nio-7571-exec-3] o.s.web.servlet.DispatcherServlet        : Initializing Servlet 'dispatcherServlet'
2023-11-15 09:05:08.027  INFO 16872 --- [http-nio-7571-exec-3] o.s.web.servlet.DispatcherServlet        : Completed initialization in 2 ms
2023-11-15 09:05:17.013 ERROR 16872 --- [http-nio-7571-exec-6] c.c.c.controller.SoapController          : null
2023-11-15 09:05:19.105 ERROR 16872 --- [http-nio-7571-exec-10] c.c.c.controller.SoapController          : null
